{"/home/brunobecoski/Desktop/ignite-reactjs/Ignite-ReactJS-07-tests-ignews/src/components/ActiveLink/index.tsx": {"path":"/home/brunobecoski/Desktop/ignite-reactjs/Ignite-ReactJS-07-tests-ignews/src/components/ActiveLink/index.tsx","statementMap":{"0":{"start":{"line":11,"column":21},"end":{"line":11,"column":32}},"1":{"start":{"line":13,"column":20},"end":{"line":15,"column":8}},"2":{"start":{"line":17,"column":2},"end":{"line":23,"column":3}}},"fnMap":{"0":{"name":"ActiveLink","decl":{"start":{"line":10,"column":16},"end":{"line":10,"column":26}},"loc":{"start":{"line":10,"column":84},"end":{"line":24,"column":1}},"line":10}},"branchMap":{"0":{"loc":{"start":{"line":13,"column":20},"end":{"line":15,"column":8}},"type":"cond-expr","locations":[{"start":{"line":14,"column":6},"end":{"line":14,"column":21}},{"start":{"line":15,"column":6},"end":{"line":15,"column":8}}],"line":13}},"s":{"0":4,"1":4,"2":4},"f":{"0":4},"b":{"0":[3,1]},"_coverageSchema":"1a1c01bbd47fc00a2c39e90264f33305004495a9","hash":"dfe821e65a33bb4abb9c8e821dcf51f0455a1f52"}
,"/home/brunobecoski/Desktop/ignite-reactjs/Ignite-ReactJS-07-tests-ignews/src/components/Async/index.tsx": {"path":"/home/brunobecoski/Desktop/ignite-reactjs/Ignite-ReactJS-07-tests-ignews/src/components/Async/index.tsx","statementMap":{"0":{"start":{"line":4,"column":52},"end":{"line":4,"column":67}},"1":{"start":{"line":6,"column":2},"end":{"line":10,"column":8}},"2":{"start":{"line":7,"column":4},"end":{"line":9,"column":12}},"3":{"start":{"line":8,"column":6},"end":{"line":8,"column":32}},"4":{"start":{"line":12,"column":2},"end":{"line":17,"column":3}}},"fnMap":{"0":{"name":"Async","decl":{"start":{"line":3,"column":16},"end":{"line":3,"column":21}},"loc":{"start":{"line":3,"column":24},"end":{"line":18,"column":1}},"line":3},"1":{"name":"(anonymous_1)","decl":{"start":{"line":6,"column":12},"end":{"line":6,"column":13}},"loc":{"start":{"line":6,"column":18},"end":{"line":10,"column":3}},"line":6},"2":{"name":"(anonymous_2)","decl":{"start":{"line":7,"column":15},"end":{"line":7,"column":16}},"loc":{"start":{"line":7,"column":21},"end":{"line":9,"column":5}},"line":7}},"branchMap":{"0":{"loc":{"start":{"line":15,"column":8},"end":{"line":15,"column":53}},"type":"binary-expr","locations":[{"start":{"line":15,"column":8},"end":{"line":15,"column":26}},{"start":{"line":15,"column":30},"end":{"line":15,"column":53}}],"line":15}},"s":{"0":2,"1":2,"2":1,"3":1,"4":2},"f":{"0":2,"1":1,"2":1},"b":{"0":[2,1]},"_coverageSchema":"1a1c01bbd47fc00a2c39e90264f33305004495a9","hash":"827fc45c35b9e24a8bddbaa7cdf4700d538b15ec"}
,"/home/brunobecoski/Desktop/ignite-reactjs/Ignite-ReactJS-07-tests-ignews/src/components/Header/index.tsx": {"path":"/home/brunobecoski/Desktop/ignite-reactjs/Ignite-ReactJS-07-tests-ignews/src/components/Header/index.tsx","statementMap":{"0":{"start":{"line":8,"column":2},"end":{"line":24,"column":4}}},"fnMap":{"0":{"name":"Header","decl":{"start":{"line":6,"column":16},"end":{"line":6,"column":22}},"loc":{"start":{"line":6,"column":25},"end":{"line":25,"column":1}},"line":6}},"branchMap":{},"s":{"0":1},"f":{"0":1},"b":{},"_coverageSchema":"1a1c01bbd47fc00a2c39e90264f33305004495a9","hash":"f1089dfb88aef728835ae82be716fcb9477a13e1"}
,"/home/brunobecoski/Desktop/ignite-reactjs/Ignite-ReactJS-07-tests-ignews/src/components/SignInButton/index.tsx": {"path":"/home/brunobecoski/Desktop/ignite-reactjs/Ignite-ReactJS-07-tests-ignews/src/components/SignInButton/index.tsx","statementMap":{"0":{"start":{"line":8,"column":22},"end":{"line":8,"column":34}},"1":{"start":{"line":10,"column":2},"end":{"line":29,"column":4}},"2":{"start":{"line":14,"column":21},"end":{"line":14,"column":30}},"3":{"start":{"line":24,"column":21},"end":{"line":24,"column":37}}},"fnMap":{"0":{"name":"SignInButton","decl":{"start":{"line":7,"column":16},"end":{"line":7,"column":28}},"loc":{"start":{"line":7,"column":31},"end":{"line":30,"column":1}},"line":7},"1":{"name":"(anonymous_1)","decl":{"start":{"line":14,"column":15},"end":{"line":14,"column":16}},"loc":{"start":{"line":14,"column":21},"end":{"line":14,"column":30}},"line":14},"2":{"name":"(anonymous_2)","decl":{"start":{"line":24,"column":15},"end":{"line":24,"column":16}},"loc":{"start":{"line":24,"column":21},"end":{"line":24,"column":37}},"line":24}},"branchMap":{"0":{"loc":{"start":{"line":10,"column":9},"end":{"line":29,"column":3}},"type":"cond-expr","locations":[{"start":{"line":11,"column":4},"end":{"line":19,"column":13}},{"start":{"line":21,"column":4},"end":{"line":28,"column":13}}],"line":10}},"s":{"0":3,"1":3,"2":0,"3":0},"f":{"0":3,"1":0,"2":0},"b":{"0":[1,2]},"_coverageSchema":"1a1c01bbd47fc00a2c39e90264f33305004495a9","hash":"48428f7b4a8106c562837d6e84c8b90facb62002"}
,"/home/brunobecoski/Desktop/ignite-reactjs/Ignite-ReactJS-07-tests-ignews/src/components/SubscribeButton/index.tsx": {"path":"/home/brunobecoski/Desktop/ignite-reactjs/Ignite-ReactJS-07-tests-ignews/src/components/SubscribeButton/index.tsx","statementMap":{"0":{"start":{"line":8,"column":20},"end":{"line":8,"column":32}},"1":{"start":{"line":9,"column":17},"end":{"line":9,"column":28}},"2":{"start":{"line":12,"column":4},"end":{"line":15,"column":5}},"3":{"start":{"line":13,"column":6},"end":{"line":13,"column":23}},"4":{"start":{"line":14,"column":6},"end":{"line":14,"column":13}},"5":{"start":{"line":17,"column":4},"end":{"line":20,"column":5}},"6":{"start":{"line":18,"column":6},"end":{"line":18,"column":28}},"7":{"start":{"line":19,"column":6},"end":{"line":19,"column":13}},"8":{"start":{"line":22,"column":4},"end":{"line":32,"column":5}},"9":{"start":{"line":23,"column":23},"end":{"line":23,"column":51}},"10":{"start":{"line":25,"column":28},"end":{"line":25,"column":41}},"11":{"start":{"line":27,"column":21},"end":{"line":27,"column":40}},"12":{"start":{"line":29,"column":6},"end":{"line":29,"column":53}},"13":{"start":{"line":31,"column":6},"end":{"line":31,"column":25}},"14":{"start":{"line":37,"column":2},"end":{"line":45,"column":3}}},"fnMap":{"0":{"name":"SubscribeButton","decl":{"start":{"line":7,"column":16},"end":{"line":7,"column":31}},"loc":{"start":{"line":7,"column":34},"end":{"line":46,"column":1}},"line":7},"1":{"name":"handleSubscribe","decl":{"start":{"line":11,"column":17},"end":{"line":11,"column":32}},"loc":{"start":{"line":11,"column":35},"end":{"line":35,"column":3}},"line":11}},"branchMap":{"0":{"loc":{"start":{"line":12,"column":4},"end":{"line":15,"column":5}},"type":"if","locations":[{"start":{"line":12,"column":4},"end":{"line":15,"column":5}},{"start":{"line":12,"column":4},"end":{"line":15,"column":5}}],"line":12},"1":{"loc":{"start":{"line":17,"column":4},"end":{"line":20,"column":5}},"type":"if","locations":[{"start":{"line":17,"column":4},"end":{"line":20,"column":5}},{"start":{"line":17,"column":4},"end":{"line":20,"column":5}}],"line":17}},"s":{"0":4,"1":4,"2":2,"3":1,"4":1,"5":1,"6":1,"7":1,"8":0,"9":0,"10":0,"11":0,"12":0,"13":0,"14":4},"f":{"0":4,"1":2},"b":{"0":[1,1],"1":[1,0]},"_coverageSchema":"1a1c01bbd47fc00a2c39e90264f33305004495a9","hash":"69566cd68260fe1b6695d1c790517dba3df6f1bd"}
,"/home/brunobecoski/Desktop/ignite-reactjs/Ignite-ReactJS-07-tests-ignews/src/pages/index.tsx": {"path":"/home/brunobecoski/Desktop/ignite-reactjs/Ignite-ReactJS-07-tests-ignews/src/pages/index.tsx","statementMap":{"0":{"start":{"line":17,"column":2},"end":{"line":37,"column":3}},"1":{"start":{"line":40,"column":46},"end":{"line":57,"column":1}},"2":{"start":{"line":41,"column":16},"end":{"line":41,"column":78}},"3":{"start":{"line":43,"column":18},"end":{"line":49,"column":3}},"4":{"start":{"line":51,"column":2},"end":{"line":56,"column":3}}},"fnMap":{"0":{"name":"Home","decl":{"start":{"line":16,"column":24},"end":{"line":16,"column":28}},"loc":{"start":{"line":16,"column":53},"end":{"line":38,"column":1}},"line":16},"1":{"name":"(anonymous_1)","decl":{"start":{"line":40,"column":46},"end":{"line":40,"column":47}},"loc":{"start":{"line":40,"column":58},"end":{"line":57,"column":1}},"line":40}},"branchMap":{},"s":{"0":1,"1":1,"2":1,"3":1,"4":1},"f":{"0":1,"1":1},"b":{},"_coverageSchema":"1a1c01bbd47fc00a2c39e90264f33305004495a9","hash":"895e8e1d8e13f317ba0015306fd82b917a369961"}
,"/home/brunobecoski/Desktop/ignite-reactjs/Ignite-ReactJS-07-tests-ignews/src/pages/posts/[slug].tsx": {"path":"/home/brunobecoski/Desktop/ignite-reactjs/Ignite-ReactJS-07-tests-ignews/src/pages/posts/[slug].tsx","statementMap":{"0":{"start":{"line":20,"column":2},"end":{"line":37,"column":4}},"1":{"start":{"line":40,"column":54},"end":{"line":73,"column":1}},"2":{"start":{"line":41,"column":18},"end":{"line":41,"column":43}},"3":{"start":{"line":42,"column":19},"end":{"line":42,"column":25}},"4":{"start":{"line":44,"column":2},"end":{"line":51,"column":3}},"5":{"start":{"line":45,"column":4},"end":{"line":50,"column":5}},"6":{"start":{"line":53,"column":18},"end":{"line":53,"column":39}},"7":{"start":{"line":55,"column":19},"end":{"line":55,"column":74}},"8":{"start":{"line":57,"column":15},"end":{"line":66,"column":3}},"9":{"start":{"line":68,"column":2},"end":{"line":72,"column":3}}},"fnMap":{"0":{"name":"Post","decl":{"start":{"line":19,"column":24},"end":{"line":19,"column":28}},"loc":{"start":{"line":19,"column":50},"end":{"line":38,"column":1}},"line":19},"1":{"name":"(anonymous_1)","decl":{"start":{"line":40,"column":54},"end":{"line":40,"column":55}},"loc":{"start":{"line":40,"column":81},"end":{"line":73,"column":1}},"line":40}},"branchMap":{"0":{"loc":{"start":{"line":44,"column":2},"end":{"line":51,"column":3}},"type":"if","locations":[{"start":{"line":44,"column":2},"end":{"line":51,"column":3}},{"start":{"line":44,"column":2},"end":{"line":51,"column":3}}],"line":44}},"s":{"0":1,"1":1,"2":2,"3":2,"4":2,"5":1,"6":1,"7":1,"8":1,"9":1},"f":{"0":1,"1":2},"b":{"0":[1,1]},"_coverageSchema":"1a1c01bbd47fc00a2c39e90264f33305004495a9","hash":"7ad395b8b02d9bbee39b7a893ada351b681c444e"}
,"/home/brunobecoski/Desktop/ignite-reactjs/Ignite-ReactJS-07-tests-ignews/src/pages/posts/index.tsx": {"path":"/home/brunobecoski/Desktop/ignite-reactjs/Ignite-ReactJS-07-tests-ignews/src/pages/posts/index.tsx","statementMap":{"0":{"start":{"line":23,"column":2},"end":{"line":44,"column":3}},"1":{"start":{"line":32,"column":12},"end":{"line":38,"column":19}},"2":{"start":{"line":47,"column":46},"end":{"line":75,"column":1}},"3":{"start":{"line":48,"column":18},"end":{"line":48,"column":36}},"4":{"start":{"line":50,"column":19},"end":{"line":55,"column":4}},"5":{"start":{"line":57,"column":16},"end":{"line":68,"column":4}},"6":{"start":{"line":58,"column":4},"end":{"line":67,"column":6}},"7":{"start":{"line":61,"column":49},"end":{"line":61,"column":77}},"8":{"start":{"line":70,"column":2},"end":{"line":74,"column":3}}},"fnMap":{"0":{"name":"Posts","decl":{"start":{"line":22,"column":24},"end":{"line":22,"column":29}},"loc":{"start":{"line":22,"column":53},"end":{"line":45,"column":1}},"line":22},"1":{"name":"(anonymous_1)","decl":{"start":{"line":31,"column":22},"end":{"line":31,"column":23}},"loc":{"start":{"line":32,"column":12},"end":{"line":38,"column":19}},"line":32},"2":{"name":"(anonymous_2)","decl":{"start":{"line":47,"column":46},"end":{"line":47,"column":47}},"loc":{"start":{"line":47,"column":58},"end":{"line":75,"column":1}},"line":47},"3":{"name":"(anonymous_3)","decl":{"start":{"line":57,"column":37},"end":{"line":57,"column":38}},"loc":{"start":{"line":57,"column":45},"end":{"line":68,"column":3}},"line":57},"4":{"name":"(anonymous_4)","decl":{"start":{"line":61,"column":38},"end":{"line":61,"column":39}},"loc":{"start":{"line":61,"column":49},"end":{"line":61,"column":77}},"line":61}},"branchMap":{"0":{"loc":{"start":{"line":61,"column":15},"end":{"line":61,"column":90}},"type":"binary-expr","locations":[{"start":{"line":61,"column":15},"end":{"line":61,"column":84}},{"start":{"line":61,"column":88},"end":{"line":61,"column":90}}],"line":61}},"s":{"0":1,"1":1,"2":1,"3":1,"4":1,"5":1,"6":1,"7":1,"8":1},"f":{"0":1,"1":1,"2":1,"3":1,"4":1},"b":{"0":[1,0]},"_coverageSchema":"1a1c01bbd47fc00a2c39e90264f33305004495a9","hash":"3f752028cdf855324112a75b7ada9338c4926b0a"}
,"/home/brunobecoski/Desktop/ignite-reactjs/Ignite-ReactJS-07-tests-ignews/src/pages/posts/preview/[slug].tsx": {"path":"/home/brunobecoski/Desktop/ignite-reactjs/Ignite-ReactJS-07-tests-ignews/src/pages/posts/preview/[slug].tsx","statementMap":{"0":{"start":{"line":23,"column":20},"end":{"line":23,"column":32}},"1":{"start":{"line":24,"column":17},"end":{"line":24,"column":28}},"2":{"start":{"line":26,"column":2},"end":{"line":30,"column":15}},"3":{"start":{"line":27,"column":4},"end":{"line":29,"column":5}},"4":{"start":{"line":28,"column":6},"end":{"line":28,"column":41}},"5":{"start":{"line":32,"column":2},"end":{"line":56,"column":4}},"6":{"start":{"line":59,"column":46},"end":{"line":64,"column":1}},"7":{"start":{"line":60,"column":2},"end":{"line":63,"column":3}},"8":{"start":{"line":66,"column":46},"end":{"line":90,"column":1}},"9":{"start":{"line":67,"column":19},"end":{"line":67,"column":25}},"10":{"start":{"line":69,"column":18},"end":{"line":69,"column":36}},"11":{"start":{"line":71,"column":19},"end":{"line":71,"column":74}},"12":{"start":{"line":73,"column":15},"end":{"line":82,"column":3}},"13":{"start":{"line":84,"column":2},"end":{"line":89,"column":3}}},"fnMap":{"0":{"name":"PostPreview","decl":{"start":{"line":22,"column":24},"end":{"line":22,"column":35}},"loc":{"start":{"line":22,"column":64},"end":{"line":57,"column":1}},"line":22},"1":{"name":"(anonymous_1)","decl":{"start":{"line":26,"column":12},"end":{"line":26,"column":13}},"loc":{"start":{"line":26,"column":18},"end":{"line":30,"column":3}},"line":26},"2":{"name":"(anonymous_2)","decl":{"start":{"line":59,"column":46},"end":{"line":59,"column":47}},"loc":{"start":{"line":59,"column":58},"end":{"line":64,"column":1}},"line":59},"3":{"name":"(anonymous_3)","decl":{"start":{"line":66,"column":46},"end":{"line":66,"column":47}},"loc":{"start":{"line":66,"column":68},"end":{"line":90,"column":1}},"line":66}},"branchMap":{"0":{"loc":{"start":{"line":27,"column":4},"end":{"line":29,"column":5}},"type":"if","locations":[{"start":{"line":27,"column":4},"end":{"line":29,"column":5}},{"start":{"line":27,"column":4},"end":{"line":29,"column":5}}],"line":27}},"s":{"0":2,"1":2,"2":2,"3":2,"4":1,"5":2,"6":1,"7":0,"8":1,"9":1,"10":1,"11":1,"12":1,"13":1},"f":{"0":2,"1":2,"2":0,"3":1},"b":{"0":[1,1]},"_coverageSchema":"1a1c01bbd47fc00a2c39e90264f33305004495a9","hash":"ec4b9112e910226ec6da357eafbaa5d4b810da92"}
}
