TN:
SF:src/components/ActiveLink/index.tsx
FN:10,ActiveLink
FNF:1
FNH:1
FNDA:4,ActiveLink
DA:11,4
DA:13,4
DA:17,4
LF:3
LH:3
BRDA:13,0,0,3
BRDA:13,0,1,1
BRF:2
BRH:2
end_of_record
TN:
SF:src/components/Async/index.tsx
FN:3,Async
FN:6,(anonymous_1)
FN:7,(anonymous_2)
FNF:3
FNH:3
FNDA:2,Async
FNDA:1,(anonymous_1)
FNDA:1,(anonymous_2)
DA:4,2
DA:6,2
DA:7,1
DA:8,1
DA:12,2
LF:5
LH:5
BRDA:15,0,0,2
BRDA:15,0,1,1
BRF:2
BRH:2
end_of_record
TN:
SF:src/components/Header/index.tsx
FN:6,Header
FNF:1
FNH:1
FNDA:1,Header
DA:8,1
LF:1
LH:1
BRF:0
BRH:0
end_of_record
TN:
SF:src/components/SignInButton/index.tsx
FN:7,SignInButton
FN:14,(anonymous_1)
FN:24,(anonymous_2)
FNF:3
FNH:1
FNDA:3,SignInButton
FNDA:0,(anonymous_1)
FNDA:0,(anonymous_2)
DA:8,3
DA:10,3
DA:14,0
DA:24,0
LF:4
LH:2
BRDA:10,0,0,1
BRDA:10,0,1,2
BRF:2
BRH:2
end_of_record
TN:
SF:src/components/SubscribeButton/index.tsx
FN:7,SubscribeButton
FN:11,handleSubscribe
FNF:2
FNH:2
FNDA:4,SubscribeButton
FNDA:2,handleSubscribe
DA:8,4
DA:9,4
DA:12,2
DA:13,1
DA:14,1
DA:17,1
DA:18,1
DA:19,1
DA:22,0
DA:23,0
DA:25,0
DA:27,0
DA:29,0
DA:31,0
DA:37,4
LF:15
LH:9
BRDA:12,0,0,1
BRDA:12,0,1,1
BRDA:17,1,0,1
BRDA:17,1,1,0
BRF:4
BRH:3
end_of_record
TN:
SF:src/pages/index.tsx
FN:16,Home
FN:40,(anonymous_1)
FNF:2
FNH:2
FNDA:1,Home
FNDA:1,(anonymous_1)
DA:17,1
DA:40,1
DA:41,1
DA:43,1
DA:51,1
LF:5
LH:5
BRF:0
BRH:0
end_of_record
TN:
SF:src/pages/posts/[slug].tsx
FN:19,Post
FN:40,(anonymous_1)
FNF:2
FNH:2
FNDA:1,Post
FNDA:2,(anonymous_1)
DA:20,1
DA:40,1
DA:41,2
DA:42,2
DA:44,2
DA:45,1
DA:53,1
DA:55,1
DA:57,1
DA:68,1
LF:10
LH:10
BRDA:44,0,0,1
BRDA:44,0,1,1
BRF:2
BRH:2
end_of_record
TN:
SF:src/pages/posts/index.tsx
FN:22,Posts
FN:31,(anonymous_1)
FN:47,(anonymous_2)
FN:57,(anonymous_3)
FN:61,(anonymous_4)
FNF:5
FNH:5
FNDA:1,Posts
FNDA:1,(anonymous_1)
FNDA:1,(anonymous_2)
FNDA:1,(anonymous_3)
FNDA:1,(anonymous_4)
DA:23,1
DA:32,1
DA:47,1
DA:48,1
DA:50,1
DA:57,1
DA:58,1
DA:61,1
DA:70,1
LF:9
LH:9
BRDA:61,0,0,1
BRDA:61,0,1,0
BRF:2
BRH:1
end_of_record
TN:
SF:src/pages/posts/preview/[slug].tsx
FN:22,PostPreview
FN:26,(anonymous_1)
FN:59,(anonymous_2)
FN:66,(anonymous_3)
FNF:4
FNH:3
FNDA:2,PostPreview
FNDA:2,(anonymous_1)
FNDA:0,(anonymous_2)
FNDA:1,(anonymous_3)
DA:23,2
DA:24,2
DA:26,2
DA:27,2
DA:28,1
DA:32,2
DA:59,1
DA:60,0
DA:66,1
DA:67,1
DA:69,1
DA:71,1
DA:73,1
DA:84,1
LF:14
LH:13
BRDA:27,0,0,1
BRDA:27,0,1,1
BRF:2
BRH:2
end_of_record
